<?xml version="1.0" encoding="UTF-8"?>
<!-- Generated by org.testng.reporters.JUnitReportReporter -->
<testsuite hostname="LAPTOP-DENRBFPO" failures="0" tests="1" name="com.altius.crm.ContactTest.CreateContactPOMTest" time="32.469" errors="0" timestamp="2024-06-07T13:06:19 IST" skipped="0">
  <testcase classname="com.altius.crm.ContactTest.CreateContactPOMTest" name="createContactWithOrgTest" time="32.469"/>
  <system-out/>
</testsuite> <!-- com.altius.crm.ContactTest.CreateContactPOMTest -->
